<?xml version="1.0" encoding="utf-8"?><testsuites name="pytest tests"><testsuite name="pytest" errors="0" failures="0" skipped="0" tests="33" time="31.572" timestamp="2026-06-18T21:28:07.498024+00:00" hostname="agent-env-7cedbf6b-126d-4b4f-88b5-e2c14ce027e3"><testcase classname="tests.backend_test.TestHealth" name="test_root_health" time="0.131" /><testcase classname="tests.backend_test.TestAuth" name="test_super_admin_login" time="0.377" /><testcase classname="tests.backend_test.TestAuth" name="test_wrong_password" time="0.392" /><testcase classname="tests.backend_test.TestAuth" name="test_auth_me_with_token" time="0.105" /><testcase classname="tests.backend_test.TestAuth" name="test_auth_me_without_token" time="0.142" /><testcase classname="tests.backend_test.TestRegistrationFlow" name="test_register_new_user" time="0.355" /><testcase classname="tests.backend_test.TestRegistrationFlow" name="test_duplicate_mobile_rejected" time="0.121" /><testcase classname="tests.backend_test.TestRegistrationFlow" name="test_duplicate_empid_rejected" time="0.141" /><testcase classname="tests.backend_test.TestRegistrationFlow" name="test_pending_user_cannot_login" time="0.408" /><testcase classname="tests.backend_test.TestRegistrationFlow" name="test_admin_lists_pending_users" time="0.099" /><testcase classname="tests.backend_test.TestRegistrationFlow" name="test_non_admin_blocked_from_admin_endpoints" time="0.102" /><testcase classname="tests.backend_test.TestRegistrationFlow" name="test_admin_approves_user" time="0.110" /><testcase classname="tests.backend_test.TestRegistrationFlow" name="test_approved_user_can_login" time="0.340" /><testcase classname="tests.backend_test.TestRegistrationFlow" name="test_non_admin_token_blocked_on_admin_route" time="0.107" /><testcase classname="tests.backend_test.TestDirectory" name="test_list_users_excludes_self" time="0.112" /><testcase classname="tests.backend_test.TestDirectory" name="test_search_by_department" time="0.099" /><testcase classname="tests.backend_test.TestDirectory" name="test_search_by_employee_id" time="0.108" /><testcase classname="tests.backend_test.TestChats" name="test_create_chat_with_admin" time="0.100" /><testcase classname="tests.backend_test.TestChats" name="test_list_chats_returns_peer" time="0.117" /><testcase classname="tests.backend_test.TestChats" name="test_get_messages_initially_empty" time="0.111" /><testcase classname="tests.backend_test.TestFiles" name="test_upload_text_file" time="0.110" /><testcase classname="tests.backend_test.TestFiles" name="test_blocked_extension_rejected" time="0.102" /><testcase classname="tests.backend_test.TestFiles" name="test_download_requires_auth" time="0.103" /><testcase classname="tests.backend_test.TestFiles" name="test_download_with_auth_works" time="0.105" /><testcase classname="tests.backend_test.TestFiles" name="test_profile_picture_upload_and_public_url" time="0.335" /><testcase classname="tests.backend_test.TestProfile" name="test_update_profile" time="0.111" /><testcase classname="tests.backend_test.TestProfile" name="test_change_password_then_relogin" time="0.915" /><testcase classname="tests.backend_test.TestAdminInsights" name="test_analytics" time="0.107" /><testcase classname="tests.backend_test.TestAdminInsights" name="test_audit_logs" time="0.096" /><testcase classname="tests.backend_test.TestAdminUserActions" name="test_suspend_then_login_blocked" time="0.977" /><testcase classname="tests.backend_test.TestAdminUserActions" name="test_reject_then_login_blocked" time="0.846" /><testcase classname="tests.backend_test" name="test_socketio_realtime_flow" time="3.959" /><testcase classname="tests.backend_test" name="test_socketio_rejects_unauthorized_connection" time="20.088" /></testsuite></testsuites>